100024054769033:Kiều Thắng (ITC) |2018/08/01 06:14:49.202547  |Mời nhập địa điểm BH, ví dụ %Hải Châu%:\restart
2018/08/06 06:36:42 100024054769033:Kiều Thắng (ITC) |  |Mời nhập địa điểm BH, ví dụ %Hải Châu%:%hà đông%
2018/08/06 08:57:26 100024054769033:Kiều Thắng (ITC) |  |Mời nhập địa điểm BH, ví dụ %Hải Châu%:%hà đông%
2018/08/06 09:10:06 100024054769033:Kiều Thắng (ITC) |  |Mời nhập địa điểm BH, ví dụ %Hải Châu%:%Hà đông%
2018/08/06 09:22:25 100024054769033:Kiều Thắng (ITC) |  |Mời nhập địa điểm BH, ví dụ %Hải Châu%:%Hà đông%
2018/08/06 09:39:58 100024054769033:Kiều Thắng (ITC) |  |Mời nhập địa điểm BH, ví dụ %Hải Châu%:%hà đông%
2018/08/06 09:50:54 100024054769033:Kiều Thắng (ITC) |  |Mời nhập địa điểm BH, ví dụ %Hải Châu%:%Hà đông%
2018/08/06 21:10:42 100024054769033:Kiều Thắng (ITC) |  |Mời nhập địa điểm BH, ví dụ %Hải Châu%:%Hà đông%
2018/08/06 21:17:35 100024054769033:Kiều Thắng (ITC) |  |Mời nhập địa điểm BH, ví dụ %Hải Châu%:%Hưng yên%
2018/08/06 21:20:12 100024054769033:Kiều Thắng (ITC) |  |Mời nhập địa điểm BH, ví dụ %Hải Châu%:%hà đông%
2018/08/06 21:33:06 100024054769033:Kiều Thắng (ITC) |  |Mời nhập địa điểm BH, ví dụ %Hải Châu%:%Hưng yên%
2018/08/06 21:35:30 100024054769033:Kiều Thắng (ITC) |  |Mời nhập địa điểm BH, ví dụ %Hải Châu%:%Hà đông%
2018/08/06 23:04:09 100024054769033:Kiều Thắng (ITC) |  |Mời nhập địa điểm BH, ví dụ %Hải Châu%:%Hà đông%
2018/08/06 23:11:47 100024054769033:Kiều Thắng (ITC) |  |Mời nhập địa điểm BH, ví dụ %Hải Châu%:%Hà nội%
2018/08/06 23:30:41 100024054769033:Kiều Thắng (ITC) |  |Mời nhập địa điểm BH, ví dụ %Hải Châu%:%hà nội%
2018/08/06 23:39:59 100024054769033:Kiều Thắng (ITC) |  |Mời nhập địa điểm BH, ví dụ %Hải Châu%:%hà đông%
2018/08/07 02:23:53 100024054769033:Kiều Thắng (ITC) |  |Mời nhập địa điểm BH, ví dụ %Hải Châu%:%hà đông%
2018/08/07 02:40:39 100024054769033:Kiều Thắng (ITC) |  |Mời nhập địa điểm BH, ví dụ %Hải Châu%:%hà đông%
2018/08/07 02:46:55 100024054769033:Kiều Thắng (ITC) |  |Mời nhập địa điểm BH, ví dụ %Hải Châu%:%Hà đông%
2018/08/07 02:56:18 100024054769033:Kiều Thắng (ITC) |  |Mời nhập địa điểm BH, ví dụ %Hải Châu%:%Hà đông%
2018/08/07 03:03:05 100024054769033:Kiều Thắng (ITC) |  |Mời nhập địa điểm BH, ví dụ %Hải Châu%:%hà đông%
2018/08/07 03:30:36 100024054769033:Kiều Thắng (ITC) |  |Mời nhập địa điểm BH, ví dụ %Hải Châu%:%Hưng yên%
2018/08/08 04:09:46 100024054769033:Kiều Thắng (ITC) |  |Mời nhập địa điểm BH, ví dụ %Hải Châu%:%Hưng yên%
2018/08/08 04:25:20 100024054769033:Kiều Thắng (ITC) |  |Mời nhập địa điểm BH, ví dụ %Hải Châu%:%Hưng yên%
2018/08/08 04:26:48 100024054769033:Kiều Thắng (ITC) |  |Mời nhập địa điểm BH, ví dụ %Hải Châu%:%Hà Đông%
2018/08/08 04:30:14 100024054769033:Kiều Thắng (ITC) |  |Mời nhập địa điểm BH, ví dụ %Hải Châu%:%Hải Châu5
2018/08/08 04:30:27 100024054769033:Kiều Thắng (ITC) |  |Mời nhập địa điểm BH, ví dụ %Hải Châu%:%Hải Châu%
2018/08/08 04:47:41 100024054769033:Kiều Thắng (ITC) |  |Mời nhập địa điểm BH, ví dụ %Hải Châu%:%Hà đông%
2018/08/08 05:05:20 100024054769033:Kiều Thắng (ITC) |  |Mời nhập địa điểm BH, ví dụ %Hải Châu%:%Hưng yên%
2018/08/08 05:58:37 100024054769033:Kiều Thắng (ITC) |  |Mời nhập địa điểm BH, ví dụ %Hải Châu%:%Hưng yên%
2018/08/08 06:07:14 100024054769033:Kiều Thắng (ITC) |  |Mời nhập địa điểm BH, ví dụ %Hải Châu%:%Hà đông%
2018/08/08 07:30:17 100024054769033:Kiều Thắng (ITC) |  |Mời nhập địa điểm BH, ví dụ %Hải Châu%:%Hưng yên%
2018/08/08 07:32:33 100024054769033:Kiều Thắng (ITC) |  |Mời nhập địa điểm BH, ví dụ %Hải Châu%:%hà đông%
2018/08/08 07:34:11 100024054769033:Kiều Thắng (ITC) |  |Mời nhập địa điểm BH, ví dụ %Hải Châu%:%hưng yên%
2018/08/08 07:36:04 100024054769033:Kiều Thắng (ITC) |  |Mời nhập địa điểm BH, ví dụ %Hải Châu%:%hưng yên%
2018/08/08 07:36:51 100024054769033:Kiều Thắng (ITC) |  |Mời nhập địa điểm BH, ví dụ %Hải Châu%:%hưng yên%
2018/08/08 07:42:47 100024054769033:Kiều Thắng (ITC) |  |Mời nhập địa điểm BH, ví dụ %Hải Châu%:%Hưng yên%
2018/08/08 08:01:26 100024054769033:Kiều Thắng (ITC) |  |Mời nhập địa điểm BH, ví dụ %Hải Châu%:%Hưng yên%
2018/08/08 08:12:39 100024054769033:Kiều Thắng (ITC) |  |Mời nhập địa điểm BH, ví dụ %Hải Châu%:%Hưng yên%
2018/08/08 08:15:30 100024054769033:Kiều Thắng (ITC) |  |Mời nhập địa điểm BH, ví dụ %Hải Châu%:%Hải phòng%
2018/08/08 08:22:50 100024054769033:Kiều Thắng (ITC) |  |Mời nhập địa điểm BH, ví dụ %Hải Châu%:%Hưng yên%
2018/08/08 08:29:33 100024054769033:Kiều Thắng (ITC) |  |Mời nhập địa điểm BH, ví dụ %Hải Châu%:%hà nội%
2018/08/08 08:54:16 100024054769033:Kiều Thắng (ITC) |  |Mời nhập địa điểm BH, ví dụ %Hải Châu%:%Hưng yên%
2018/08/08 08:59:16 100024054769033:Kiều Thắng (ITC) |  |Mời nhập địa điểm BH, ví dụ %Hải Châu%:%Hà đông%
2018/08/08 09:04:21 100024054769033:Kiều Thắng (ITC) |  |Mời nhập địa điểm BH, ví dụ %Hải Châu%:%hải phòng%
2018/08/08 09:16:39 100024054769033:Kiều Thắng (ITC) |  |Mời nhập địa điểm BH, ví dụ %Hải Châu%:%Hưng yên%
2018/08/08 09:19:36 100024054769033:Kiều Thắng (ITC) |  |Mời nhập địa điểm BH, ví dụ %Hải Châu%:%Hà đông%
2018/08/08 09:33:09 100024054769033:Kiều Thắng (ITC) |  |Mời nhập địa điểm BH, ví dụ %Hải Châu%:%Hải phòng%
2018/08/08 09:38:19 100024054769033:Kiều Thắng (ITC) |  |Mời nhập địa điểm BH, ví dụ %Hải Châu%:%Hải phòng%
2018/08/08 09:45:52 100024054769033:Kiều Thắng (ITC) |  |Mời nhập địa điểm BH, ví dụ %Hải Châu%:%Hải phòng%
2018/08/08 09:57:47 100024054769033:Kiều Thắng (ITC) |  |Mời nhập địa điểm BH, ví dụ %Hải Châu%:%Hài phòng%
2018/08/08 09:59:21 100024054769033:Kiều Thắng (ITC) |  |Mời nhập địa điểm BH, ví dụ %Hải Châu%:%Hà đông%
2018/08/08 10:31:41 100024054769033:Kiều Thắng (ITC) |  |Mời nhập địa điểm BH, ví dụ %Hải Châu%:%Hải phong%
2018/08/08 11:35:01 100024054769033:Kiều Thắng (ITC) |  |Mời nhập địa điểm BH, ví dụ %Hải Châu%:%hà đông%
2018/08/08 18:23:33 100024054769033:Kiều Thắng (ITC) |  |Mời nhập địa điểm BH, ví dụ %Hải Châu%:%Hải phòng%
2018/08/08 21:14:27 100024054769033:Kiều Thắng (ITC) |  |Mời nhập địa điểm BH, ví dụ %Hải Châu%:%Hải phòng%
2018/08/09 02:25:27 100024054769033:Kiều Thắng (ITC) |  |Mời nhập địa điểm BH, ví dụ %Hải Châu%:%hà đông%
2018/08/09 02:29:31 100024054769033:Kiều Thắng (ITC) |  |Mời nhập địa điểm BH, ví dụ %Hải Châu%:%hải phòng%
2018/08/09 03:54:52 100024054769033:Kiều Thắng (ITC) |  |Mời nhập địa điểm BH, ví dụ %Hải Châu%:%Hải phòng%
2018/08/09 04:17:17 100024054769033:Kiều Thắng (ITC) |  |Mời nhập địa điểm BH, ví dụ %Hải Châu%:%Hà đông%
2018/08/09 21:27:23 100024054769033:Kiều Thắng (ITC) |  |Mời nhập địa điểm BH, ví dụ %Hải Châu%:%Hà Đông%
2018/08/10 01:08:06 100024054769033:Kiều Thắng (ITC) |  |Mời nhập địa điểm BH, ví dụ %Hải Châu%:%Hà đông%
2018/08/10 01:10:38 100024054769033:Kiều Thắng (ITC) |  |Mời nhập địa điểm BH, ví dụ %Hải Châu%:%Hà đông%
2018/08/10 01:20:23 100024054769033:Kiều Thắng (ITC) |  |Mời nhập địa điểm BH, ví dụ %Hải Châu%:%Hải phòng%
2018/08/10 01:44:38 100024054769033:Kiều Thắng (ITC) |  |Mời nhập địa điểm BH, ví dụ %Hải Châu%:%Hải phòng%
2018/08/10 02:51:37 100024054769033:Kiều Thắng (ITC) |  |Mời nhập địa điểm BH, ví dụ %Hải Châu%:%Hà đông%
2018/08/10 02:54:00 100024054769033:Kiều Thắng (ITC) |  |Mời nhập địa điểm BH, ví dụ %Hải Châu%:%Hà đông%
2018/08/12 18:43:08 100024054769033:Kiều Thắng (ITC) |  |Mời nhập địa điểm BH, ví dụ %Hải Châu%:%Hà đông%
2018/08/14 05:32:17 100024054769033:Kiều Thắng (ITC) |  |Mời nhập địa điểm BH, ví dụ %Hải Châu%:%Hà đông%
